{
  "stats": {
    "suites": 1,
    "tests": 1,
    "passes": 1,
    "pending": 0,
    "failures": 0,
    "start": "2026-06-23T18:39:42.063Z",
    "end": "2026-06-23T18:39:42.066Z",
    "duration": 3,
    "testsRegistered": 1,
    "passPercent": 100,
    "pendingPercent": 0,
    "other": 0,
    "hasOther": false,
    "skipped": 0,
    "hasSkipped": false
  },
  "results": [
    {
      "uuid": "9aa80a9c-04f6-417e-b9e3-98f3af868074",
      "title": "",
      "fullFile": "C:\\Temp\\QA-Activities\\testfile.js",
      "file": "\\testfile.js",
      "beforeHooks": [],
      "afterHooks": [],
      "tests": [],
      "suites": [
        {
          "uuid": "cce08c25-cc55-4c51-9968-e877a195132d",
          "title": "Test de démonstration",
          "fullFile": "C:\\Temp\\QA-Activities\\testfile.js",
          "file": "\\testfile.js",
          "beforeHooks": [],
          "afterHooks": [],
          "tests": [
            {
              "title": "addition simple",
              "fullTitle": "Test de démonstration addition simple",
              "timedOut": false,
              "duration": 0,
              "state": "passed",
              "speed": "fast",
              "pass": true,
              "fail": false,
              "pending": false,
              "context": null,
              "code": "assert.strictEqual(1 + 1, 2);",
              "err": {},
              "uuid": "6fd5d74b-fc2f-4ef0-9855-1656e32fe327",
              "parentUUID": "cce08c25-cc55-4c51-9968-e877a195132d",
              "isHook": false,
              "skipped": false
            }
          ],
          "suites": [],
          "passes": [
            "6fd5d74b-fc2f-4ef0-9855-1656e32fe327"
          ],
          "failures": [],
          "pending": [],
          "skipped": [],
          "duration": 0,
          "root": false,
          "rootEmpty": false,
          "_timeout": 2000
        }
      ],
      "passes": [],
      "failures": [],
      "pending": [],
      "skipped": [],
      "duration": 0,
      "root": true,
      "rootEmpty": true,
      "_timeout": 2000
    }
  ],
  "meta": {
    "mocha": {
      "version": "11.7.6"
    },
    "mochawesome": {
      "options": {
        "quiet": false,
        "reportFilename": "mochawesome",
        "saveHtml": true,
        "saveJson": true,
        "consoleReporter": "spec",
        "useInlineDiffs": false,
        "code": true
      },
      "version": "7.1.4"
    },
    "marge": {
      "options": null,
      "version": "6.3.2"
    }
  }
}